[2025-05-30 07:32:57] [INFO] Running rc-render.sh.
[2025-05-30 07:32:57] [INFO] SCRIPTDIR=/Users/tbuddy/Documents/rotkeeper/0.2.1.0/bones/scripts
[2025-05-30 07:32:57] [INFO] CONFIG_FILE=/Users/tbuddy/Documents/rotkeeper/0.2.1.0/bones/scripts/../config/render-flags.yaml
[2025-05-30 07:32:57] [INFO] MANIFEST=/Users/tbuddy/Documents/rotkeeper/0.2.1.0/bones/scripts/../manifest.txt
[2025-05-30 07:32:57] [INFO] TEMPLATE_DIR=/Users/tbuddy/Documents/rotkeeper/0.2.1.0/bones/templates
[2025-05-30 07:32:57] [INFO] Available templates: plainstone.html rotkeeper-blog.html rotkeeper-bones.html rotkeeper-doc.html 
[2025-05-30 07:32:57] [WARN] No default_template in config; falling back to first available template: plainstone.html
[2025-05-30 07:32:57] [INFO] DEFAULT_TEMPLATE=plainstone.html
[2025-05-30 07:32:57] [INFO] Available templates: plainstone.html rotkeeper-blog.html rotkeeper-bones.html rotkeeper-doc.html 
[2025-05-30 07:32:57] [INFO] Using template: rotkeeper-doc.html
[2025-05-30 07:32:57] [INFO] Using template: rotkeeper-doc.html
[2025-05-30 07:32:57] [INFO] Using template: rotkeeper-doc.html
[2025-05-30 07:32:57] [INFO] Using template: rotkeeper-doc.html
[2025-05-30 07:32:57] [INFO] Using template: rotkeeper-doc.html
[2025-05-30 07:32:57] [INFO] Using template: rotkeeper-doc.html
[2025-05-30 07:32:57] [INFO] Using template: rotkeeper-doc.html
[2025-05-30 07:32:57] [INFO] Using template: rotkeeper-doc.html
[2025-05-30 07:32:57] [INFO] Using template: rotkeeper-doc.html
[2025-05-30 07:32:57] [INFO] Using template: rotkeeper-doc.html
[2025-05-30 07:32:57] [INFO] Using template: rotkeeper-doc.html
[2025-05-30 07:32:58] [INFO] Using template: rotkeeper-doc.html
[2025-05-30 07:32:58] [INFO] Using template: rotkeeper-doc.html
[2025-05-30 07:32:58] [INFO] Using template: rotkeeper-doc.html
[2025-05-30 07:32:58] [INFO] Using template: rotkeeper-doc.html
[2025-05-30 07:32:58] [INFO] Using template: rotkeeper-doc.html
[2025-05-30 07:32:58] [INFO] Using template: rotkeeper-doc.html
[2025-05-30 07:32:58] [INFO] Using template: rotkeeper-doc.html
[2025-05-30 07:32:58] [INFO] Using template: rotkeeper-doc.html
[2025-05-30 07:32:58] [INFO] Using template: rotkeeper-doc.html
[2025-05-30 07:32:58] [INFO] Using template: rotkeeper-doc.html
[2025-05-30 07:32:58] [INFO] Using template: rotkeeper-doc.html
[2025-05-30 07:32:58] [INFO] Using template: rotkeeper-doc.html
[2025-05-30 07:32:58] [INFO] Using template: rotkeeper-doc.html
[2025-05-30 07:32:58] [INFO] Using template: rotkeeper-doc.html
[2025-05-30 07:32:58] [INFO] Using template: rotkeeper-doc.html
[2025-05-30 07:32:58] [INFO] Using template: rotkeeper-doc.html
[2025-05-30 07:32:58] [INFO] Using template: rotkeeper-doc.html
[2025-05-30 07:32:58] [INFO] Using template: rotkeeper-doc.html
[2025-05-30 07:32:59] [INFO] Using template: rotkeeper-doc.html
[2025-05-30 07:32:59] [INFO] Using template: rotkeeper-doc.html
[2025-05-30 07:32:59] [INFO] Using template: rotkeeper-doc.html
[2025-05-30 07:32:59] [INFO] Using template: rotkeeper-doc.html
[2025-05-30 07:32:59] [INFO] Using template: rotkeeper-doc.html
[2025-05-30 07:32:59] [INFO] Using template: rotkeeper-doc.html
[2025-05-30 07:32:59] [INFO] Using template: rotkeeper-doc.html
[2025-05-30 07:32:59] [INFO] Using template: rotkeeper-doc.html
[2025-05-30 07:32:59] [INFO] Using template: rotkeeper-doc.html
[2025-05-30 07:32:59] [INFO] Using template: rotkeeper-doc.html
[2025-05-30 07:32:59] [INFO] Using template: rotkeeper-doc.html
[2025-05-30 07:32:59] [INFO] Using template: rotkeeper-doc.html
[2025-05-30 07:32:59] [INFO] Using template: rotkeeper-doc.html
[2025-05-30 07:32:59] [INFO] Using template: rotkeeper-doc.html
[2025-05-30 07:32:59] [INFO] Using template: rotkeeper-doc.html
[2025-05-30 07:32:59] [INFO] Using template: rotkeeper-doc.html
[2025-05-30 07:32:59] [INFO] Using template: rotkeeper-doc.html
[2025-05-30 07:32:59] [INFO] Using template: rotkeeper-doc.html
[2025-05-30 07:32:59] [INFO] Using template: rotkeeper-doc.html
[2025-05-30 07:33:00] [INFO] Using template: rotkeeper-doc.html
[2025-05-30 07:33:00] [INFO] Using template: rotkeeper-doc.html
[2025-05-30 07:33:00] [INFO] Using template: rotkeeper-doc.html
[2025-05-30 07:33:00] [INFO] Using template: rotkeeper-doc.html
[2025-05-30 07:33:00] [INFO] Using template: rotkeeper-doc.html
[2025-05-30 07:33:00] [INFO] Using template: rotkeeper-doc.html
[2025-05-30 07:33:00] [INFO] Using template: rotkeeper-doc.html
[2025-05-30 07:33:00] [INFO] Using template: rotkeeper-doc.html
[2025-05-30 07:33:00] [INFO] Using template: rotkeeper-doc.html
[2025-05-30 07:33:00] [INFO] Using template: rotkeeper-doc.html
[2025-05-30 07:33:00] [INFO] Using template: rotkeeper-doc.html
[2025-05-30 07:33:01] [INFO] Using template: rotkeeper-doc.html
[2025-05-30 07:33:01] [INFO] Using template: rotkeeper-doc.html
[2025-05-30 07:33:01] [INFO] Using template: rotkeeper-doc.html
[2025-05-30 07:33:01] [INFO] Using template: rotkeeper-doc.html
[2025-05-30 07:33:01] [INFO] Using template: rotkeeper-doc.html
[2025-05-30 07:33:01] [INFO] Using template: rotkeeper-doc.html
[2025-05-30 07:33:01] [INFO] Using template: rotkeeper-blog.html
[2025-05-30 07:33:01] [INFO] Using template: rotkeeper-blog.html
[2025-05-30 07:33:01] [INFO] Archived output as bones/archive/tomb-2025-05-30_0733.tar.gz
[2025-05-30 07:33:01] [INFO] Rendered 67 pages in 4s
[2025-05-30 07:33:01] [INFO] rc-render.sh completed successfully.
[2025-05-30 07:33:01] [INFO] Cleaning up after rc-render.sh.
